<?xml version="1.0" encoding="UTF-8"?>
<!-- Generated by org.testng.reporters.JUnitReportReporter -->
<testsuite skipped="0" hostname="BLR2-1800101023" name="Test.B" tests="1" failures="0" timestamp="10 Sep 2019 06:27:49 GMT" time="18.894" errors="0">
  <testcase name="test" time="18.894" classname="Test.B"/>
</testsuite> <!-- Test.B -->
