<?xml version="1.0" encoding="UTF-8"?>
<!-- Generated by org.testng.reporters.JUnitReportReporter -->
<testsuite skipped="0" hostname="BLR2-1800101023" name="Test.TestDevices" tests="4" failures="0" timestamp="07 Sep 2019 16:15:23 GMT" time="60.391" errors="0">
  <testcase name="Firetabletstab03" time="12.294" classname="Test.TestDevices"/>
  <testcase name="TesturandroidAPKtab04" time="18.168" classname="Test.TestDevices"/>
  <testcase name="AmazonFTVtab02" time="15.070" classname="Test.TestDevices"/>
  <testcase name="Whatsnewtab01" time="14.859" classname="Test.TestDevices"/>
</testsuite> <!-- Test.TestDevices -->
