<?xml version="1.0" encoding="UTF-8"?>
<!-- Generated by org.testng.reporters.JUnitReportReporter -->
<testsuite skipped="0" hostname="BLR2-1800101023" name="Test.TestAppsnGames" tests="1" failures="0" timestamp="30 Sep 2019 11:29:45 GMT" time="6.693" errors="0">
  <testcase name="Footer" time="6.693" classname="Test.TestAppsnGames"/>
</testsuite> <!-- Test.TestAppsnGames -->
