<?xml version="1.0" encoding="UTF-8"?>
<!-- Generated by org.testng.reporters.JUnitReportReporter -->
<testsuite hostname="BLR2-1800101023" name="TestScript.BaseTest" tests="1" failures="0" timestamp="13 Sep 2019 17:26:30 GMT" time="0.008" errors="0">
  <testcase name="appLaunch" time="0.008" classname="TestScript.BaseTest"/>
</testsuite> <!-- TestScript.BaseTest -->
